#
# A fatal error has been detected by the Java Runtime Environment:
#
#  EXCEPTION_ACCESS_VIOLATION (0xc0000005) at pc=0x00007ffb8f286b07, pid=24084, tid=20064
#
# JRE version: Java(TM) SE Runtime Environment (22.0.2+9) (build 22.0.2+9-70)
# Java VM: Java HotSpot(TM) 64-Bit Server VM (22.0.2+9-70, mixed mode, sharing, tiered, compressed oops, compressed class ptrs, g1 gc, windows-amd64)
# Problematic frame:
# C  [glass.dll+0x26b07]
#
# No core dump will be written. Minidumps are not enabled by default on client versions of Windows
#
# If you would like to submit a bug report, please visit:
#   https://bugreport.java.com/bugreport/crash.jsp
#

---------------  S U M M A R Y ------------

Command Line: -javaagent:C:\Program Files\JetBrains\IntelliJ IDEA Community Edition 2023.2.3\lib\idea_rt.jar=56351:C:\Program Files\JetBrains\IntelliJ IDEA Community Edition 2023.2.3\bin -Dfile.encoding=UTF-8 -Dsun.stdout.encoding=UTF-8 -Dsun.stderr.encoding=UTF-8 --module-path=C:\Users\renad\.m2\repository\org\openjfx\javafx-graphics\17.0.6\javafx-graphics-17.0.6-win.jar;C:\Users\renad\.m2\repository\io\github\cdimascio\dotenv-java\3.0.2\dotenv-java-3.0.2.jar;C:\Users\renad\.m2\repository\org\openjfx\javafx-fxml\17.0.6\javafx-fxml-17.0.6-win.jar;C:\Users\renad\.m2\repository\org\openjfx\javafx-controls\17.0.6\javafx-controls-17.0.6-win.jar;C:\Users\renad\.m2\repository\org\mongodb\mongodb-driver-core\5.2.1\mongodb-driver-core-5.2.1.jar;D:\Renad\My Projects\BookStoreGUI\target\classes;C:\Users\renad\.m2\repository\org\mongodb\bson\5.2.1\bson-5.2.1.jar;C:\Users\renad\.m2\repository\org\mongodb\mongodb-driver-sync\5.2.1\mongodb-driver-sync-5.2.1.jar;C:\Users\renad\.m2\repository\org\openjfx\javafx-base\17.0.6\javafx-base-17.0.6-win.jar -Djdk.module.main=com.example.bookstoregui com.example.bookstoregui/com.example.bookstoregui.HelloApplication

Host: Intel(R) Core(TM) i5-8250U CPU @ 1.60GHz, 8 cores, 7G,  Windows 11 , 64 bit Build 22621 (10.0.22621.4391)
Time: Fri Dec 20 21:57:55 2024 Egypt Standard Time elapsed time: 119.477022 seconds (0d 0h 1m 59s)

---------------  T H R E A D  ---------------

Current thread (0x000002a549d6f970):  VMThread "VM Thread"          [id=20064, stack(0x000000e704d00000,0x000000e704e00000) (1024K)]

Stack: [0x000000e704d00000,0x000000e704e00000],  sp=0x000000e704dfeef0,  free space=1019k
Native frames: (J=compiled Java code, j=interpreted, Vv=VM code, C=native code)
C  [glass.dll+0x26b07]  (no source info available)
C  [ucrtbase.dll+0x53a93]  (no source info available)
C  [ucrtbase.dll+0x2042e]  (no source info available)
C  [ucrtbase.dll+0x1dddd]  (no source info available)
C  [glass.dll+0x24261]  (no source info available)
C  [glass.dll+0x24386]  (no source info available)
C  [ntdll.dll+0x28b8f]  (no source info available)
C  [ntdll.dll+0x51596]  (no source info available)
C  [ntdll.dll+0x5118d]  (no source info available)
C  [KERNEL32.DLL+0x17fcb]  (no source info available)
C  [ucrtbase.dll+0x1bed8]  (no source info available)
C  [ucrtbase.dll+0x1c099]  (no source info available)
V  [jvm.dll+0x6db87b]  (no source info available)
V  [jvm.dll+0x6db3b0]  (no source info available)
V  [jvm.dll+0x3e2314]  (no source info available)
V  [jvm.dll+0x87e0f0]  (no source info available)
V  [jvm.dll+0x87f477]  (no source info available)
V  [jvm.dll+0x87f9f0]  (no source info available)
V  [jvm.dll+0x87fc93]  (no source info available)
V  [jvm.dll+0x81dc0b]  (no source info available)
V  [jvm.dll+0x6e0d85]  (no source info available)
C  [ucrtbase.dll+0x29333]  (no source info available)
C  [KERNEL32.DLL+0x1259d]  (no source info available)
C  [ntdll.dll+0x5af38]  (no source info available)


siginfo: EXCEPTION_ACCESS_VIOLATION (0xc0000005), reading address 0x0000000000000000


Registers:
RAX=0x0000000000000000, RBX=0x000002a549d7c6f2, RCX=0x000002a549d6f970, RDX=0x000000e704dfeef0
RSP=0x000000e704dfeef0, RBP=0x000002a59029c668, RSI=0x000000e704dfeff8, RDI=0x000002a59029c640
R8 =0x0000000000010002, R9 =0x000002a59029c640, R10=0x85f13e9656da4870, R11=0x000000e704dfee80
R12=0x00007ffb8f2843d4, R13=0x00007ffb57194a60, R14=0x00003dea6b5df1c1, R15=0x000002a59029c640
RIP=0x00007ffb8f286b07, EFLAGS=0x0000000000010206


Register to memory mapping:

RAX=0x0 is null
RBX=0x000002a549d7c6f2 is a global jni handle
RCX=0x000002a549d6f970 points into unknown readable memory: 0x00007ffb56f950a0 | a0 50 f9 56 fb 7f 00 00
RDX=0x000000e704dfeef0 points into unknown readable memory: 0x0000000000000000 | 00 00 00 00 00 00 00 00
RSP=0x000000e704dfeef0 points into unknown readable memory: 0x0000000000000000 | 00 00 00 00 00 00 00 00
RBP=0x000002a59029c668 points into unknown readable memory: 0x00003dea6b5df1c1 | c1 f1 5d 6b ea 3d 00 00
RSI=0x000000e704dfeff8 points into unknown readable memory: 0x000000e704dfefe0 | e0 ef df 04 e7 00 00 00
RDI=0x000002a59029c640 points into unknown readable memory: 0x0000c21d750d8c19 | 19 8c 0d 75 1d c2 00 00
R8 =0x0000000000010002 is an unknown value
R9 =0x000002a59029c640 points into unknown readable memory: 0x0000c21d750d8c19 | 19 8c 0d 75 1d c2 00 00
R10=0x85f13e9656da4870 is an unknown value
R11=0x000000e704dfee80 points into unknown readable memory: 0x000002a59029c640 | 40 c6 29 90 a5 02 00 00
R12=0x00007ffb8f2843d4 glass.dll
R13=0x00007ffb57194a60 jvm.dll
R14=0x00003dea6b5df1c1 is an unknown value
R15=0x000002a59029c640 points into unknown readable memory: 0x0000c21d750d8c19 | 19 8c 0d 75 1d c2 00 00

Top of Stack: (sp=0x000000e704dfeef0)
0x000000e704dfeef0:   0000000000000000 000000e704dfeff8
0x000000e704dfef00:   00007ffb57194a60 00007ffb8f2843d4
0x000000e704dfef10:   000002a59029c648 00007ffbb67d3a93
0x000000e704dfef20:   000002a59029c640 000002a500000000
0x000000e704dfef30:   000002a59029c668 000000e704dfeff8
0x000000e704dfef40:   fffffffffffffffe 0000000000000000
0x000000e704dfef50:   0000000000000001 00007ffb8f260000
0x000000e704dfef60:   000000e704dfefe8 00007ffbb67a042e
0x000000e704dfef70:   0000000000000000 000000e704dfeff8
0x000000e704dfef80:   000000e704dff2e0 0000000000000001
0x000000e704dfef90:   0000000000000001 00007ffbb679dddd
0x000000e704dfefa0:   0000000000000000 00007ffb8f283bcd
0x000000e704dfefb0:   000000e704dff2e0 000000e704dfefe8
0x000000e704dfefc0:   fffffffffffffffe 000000e700000000
0x000000e704dfefd0:   0000000000000001 00007ffb8f284261
0x000000e704dfefe0:   00007ffb8f29a138 00007ffb00000002
0x000000e704dfeff0:   0000000000000002 000000e704dfefe0
0x000000e704dff000:   00000222d4681000 00007ffbb94d8af3
0x000000e704dff010:   0000000000000000 00007ffb8f284386
0x000000e704dff020:   0000000000000001 000000e704dff2e0
0x000000e704dff030:   0000000000000001 0000000000000000
0x000000e704dff040:   00007ffbb88c0000 00007ffbb5f82223
0x000000e704dff050:   0000000000000001 00007ffbb6120000
0x000000e704dff060:   00007ffb8f260000 000000007ffe0384
0x000000e704dff070:   0000000000000000 00007ffbb94d8b8f
0x000000e704dff080:   00007ffb8f260000 0000000000000000
0x000000e704dff090:   0000000000000001 000000007ffe0385
0x000000e704dff0a0:   0000000000000000 00007ffbb95017d9
0x000000e704dff0b0:   000055fa332d7500 0000000000000014
0x000000e704dff0c0:   00007ffb8f2843d4 0000000000000000
0x000000e704dff0d0:   0000000000000000 000000e70416a000
0x000000e704dff0e0:   000002a590293150 00007ffbb9501596 

Instructions: (pc=0x00007ffb8f286b07)
0x00007ffb8f286a07:   8b 4d 58 e8 01 cf ff ff 48 8b 4d 60 e8 f8 ce ff
0x00007ffb8f286a17:   ff 48 8b 95 80 00 00 00 48 8b 8d 18 01 00 00 e8
0x00007ffb8f286a27:   c6 c3 ff ff 33 d2 33 c9 e8 3c e1 ff ff 90 48 89
0x00007ffb8f286a37:   54 24 10 55 48 83 ec 20 48 8b ea 48 b8 00 00 00
0x00007ffb8f286a47:   00 00 00 00 00 48 83 c4 20 5d c3 cc 40 55 48 8b
0x00007ffb8f286a57:   ea 48 8b 01 33 c9 81 38 05 00 00 c0 0f 94 c1 8b
0x00007ffb8f286a67:   c1 5d c3 cc 40 55 48 83 ec 20 48 8b ea 8a 4d 40
0x00007ffb8f286a77:   48 83 c4 20 5d e9 f7 d2 ff ff cc 40 55 48 83 ec
0x00007ffb8f286a87:   20 48 8b ea 8a 4d 20 e8 e5 d2 ff ff 90 48 83 c4
0x00007ffb8f286a97:   20 5d c3 cc 40 55 48 83 ec 20 48 8b ea 48 83 c4
0x00007ffb8f286aa7:   20 5d e9 46 d1 ff ff cc 40 55 48 83 ec 30 48 8b
0x00007ffb8f286ab7:   ea 48 8b 01 8b 10 48 89 4c 24 28 89 54 24 20 4c
0x00007ffb8f286ac7:   8d 0d e7 d5 ff ff 4c 8b 45 70 8b 55 68 48 8b 4d
0x00007ffb8f286ad7:   60 e8 87 d0 ff ff 90 48 83 c4 30 5d c3 cc cc cc
0x00007ffb8f286ae7:   cc cc cc cc cc cc cc cc cc 40 53 48 83 ec 20 48
0x00007ffb8f286af7:   8b 1d 33 30 01 00 48 85 db 74 16 e8 09 8b ff ff
0x00007ffb8f286b07:   4c 8b 00 48 8b d3 48 8b c8 41 ff 90 b0 00 00 00
0x00007ffb8f286b17:   90 48 83 c4 20 5b c3 cc cc 40 53 48 83 ec 20 48
0x00007ffb8f286b27:   8b 1d ab 31 01 00 48 85 db 74 57 b8 ff ff ff ff
0x00007ffb8f286b37:   f0 0f c1 43 10 83 f8 01 75 3d 48 85 db 74 38 48
0x00007ffb8f286b47:   8b 0b 48 85 c9 74 0d ff 15 54 07 00 00 48 c7 03
0x00007ffb8f286b57:   00 00 00 00 48 8b 4b 08 48 85 c9 74 0d e8 a7 cd
0x00007ffb8f286b67:   ff ff 48 c7 43 08 00 00 00 00 ba 18 00 00 00 48
0x00007ffb8f286b77:   8b cb e8 92 cd ff ff 48 c7 05 4f 31 01 00 00 00
0x00007ffb8f286b87:   00 00 48 83 c4 20 5b c3 cc 40 53 48 83 ec 20 48
0x00007ffb8f286b97:   8b 1d 1b 31 01 00 48 85 db 74 57 b8 ff ff ff ff
0x00007ffb8f286ba7:   f0 0f c1 43 10 83 f8 01 75 3d 48 85 db 74 38 48
0x00007ffb8f286bb7:   8b 0b 48 85 c9 74 0d ff 15 e4 06 00 00 48 c7 03
0x00007ffb8f286bc7:   00 00 00 00 48 8b 4b 08 48 85 c9 74 0d e8 37 cd
0x00007ffb8f286bd7:   ff ff 48 c7 43 08 00 00 00 00 ba 18 00 00 00 48
0x00007ffb8f286be7:   8b cb e8 22 cd ff ff 48 c7 05 bf 30 01 00 00 00
0x00007ffb8f286bf7:   00 00 48 83 c4 20 5b c3 cc 40 53 48 83 ec 20 48 


Stack slot to memory mapping:

stack at sp + 0 slots: 0x0 is null
stack at sp + 1 slots: 0x000000e704dfeff8 points into unknown readable memory: 0x000000e704dfefe0 | e0 ef df 04 e7 00 00 00
stack at sp + 2 slots: 0x00007ffb57194a60 jvm.dll
stack at sp + 3 slots: 0x00007ffb8f2843d4 glass.dll
stack at sp + 4 slots: 0x000002a59029c648 points into unknown readable memory: 0x00003dea6b5df1c1 | c1 f1 5d 6b ea 3d 00 00
stack at sp + 5 slots: 0x00007ffbb67d3a93 ucrtbase.dll
stack at sp + 6 slots: 0x000002a59029c640 points into unknown readable memory: 0x0000c21d750d8c19 | 19 8c 0d 75 1d c2 00 00
stack at sp + 7 slots: 0x000002a500000000 is an unknown value

VM_Operation (0x000000e7043ff250): Exit, mode: safepoint, requested by thread 0x000002a58f7c7440


---------------  P R O C E S S  ---------------

Threads class SMR info:
_java_thread_list=0x000002a58fa02b60, length=30, elements={
0x000002a52d543ba0, 0x000002a549d89590, 0x000002a549d8a4b0, 0x000002a549d97370,
0x000002a549d979e0, 0x000002a549d99060, 0x000002a549d99a00, 0x000002a549d9dd60,
0x000002a549d5a910, 0x000002a58f6785f0, 0x000002a58f903a70, 0x000002a58ffdeff0,
0x000002a590295d00, 0x000002a58fc66880, 0x000002a58f88fc60, 0x000002a5901d2820,
0x000002a5904e2d20, 0x000002a590395eb0, 0x000002a5903978f0, 0x000002a590398ca0,
0x000002a590395820, 0x000002a590396540, 0x000002a590396bd0, 0x000002a590397260,
0x000002a58f7c5a00, 0x000002a58f7c6090, 0x000002a58f7c1860, 0x000002a58f7c6db0,
0x000002a58f7c2c10, 0x000002a58f7c7440
}

Java Threads: ( => current thread )
  0x000002a52d543ba0 JavaThread "main"                              [_thread_blocked, id=6392, stack(0x000000e704600000,0x000000e704700000) (1024K)]
  0x000002a549d89590 JavaThread "Reference Handler"          daemon [_thread_blocked, id=15780, stack(0x000000e704e00000,0x000000e704f00000) (1024K)]
  0x000002a549d8a4b0 JavaThread "Finalizer"                  daemon [_thread_blocked, id=25464, stack(0x000000e704f00000,0x000000e705000000) (1024K)]
  0x000002a549d97370 JavaThread "Attach Listener"            daemon [_thread_blocked, id=19476, stack(0x000000e705100000,0x000000e705200000) (1024K)]
  0x000002a549d979e0 JavaThread "Service Thread"             daemon [_thread_blocked, id=21796, stack(0x000000e705200000,0x000000e705300000) (1024K)]
  0x000002a549d99060 JavaThread "Monitor Deflation Thread"   daemon [_thread_blocked, id=22612, stack(0x000000e705300000,0x000000e705400000) (1024K)]
  0x000002a549d99a00 JavaThread "C2 CompilerThread0"         daemon [_thread_blocked, id=8476, stack(0x000000e705400000,0x000000e705500000) (1024K)]
  0x000002a549d9dd60 JavaThread "C1 CompilerThread0"         daemon [_thread_blocked, id=15232, stack(0x000000e705500000,0x000000e705600000) (1024K)]
  0x000002a549d5a910 JavaThread "Common-Cleaner"             daemon [_thread_blocked, id=24920, stack(0x000000e705600000,0x000000e705700000) (1024K)]
  0x000002a58f6785f0 JavaThread "Monitor Ctrl-Break"         daemon [_thread_in_native, id=160, stack(0x000000e705900000,0x000000e705a00000) (1024K)]
  0x000002a58f903a70 JavaThread "Notification Thread"        daemon [_thread_blocked, id=23740, stack(0x000000e705a00000,0x000000e705b00000) (1024K)]
  0x000002a58ffdeff0 JavaThread "QuantumRenderer-0"          daemon [_thread_blocked, id=22384, stack(0x000000e705800000,0x000000e705900000) (1024K)]
  0x000002a590295d00 JavaThread "InvokeLaterDispatcher"      daemon [_thread_blocked, id=21020, stack(0x000000e705700000,0x000000e705800000) (1024K)]
  0x000002a58fc66880 JavaThread "JavaFX Application Thread"         [_thread_in_native, id=15416, stack(0x000000e705b00000,0x000000e705c00000) (1024K)]
  0x000002a58f88fc60 JavaThread "Thread-1"                   daemon [_thread_in_native, id=14916, stack(0x000000e705f00000,0x000000e706000000) (1024K)]
  0x000002a5901d2820 JavaThread "JavaFX-Launcher"                   [_thread_blocked, id=17616, stack(0x000000e706700000,0x000000e706800000) (1024K)]
  0x000002a5904e2d20 JavaThread "Prism Font Disposer"        daemon [_thread_blocked, id=8872, stack(0x000000e706c00000,0x000000e706d00000) (1024K)]
  0x000002a590395eb0 JavaThread "Cleaner-0"                  daemon [_thread_blocked, id=25044, stack(0x000000e706800000,0x000000e706900000) (1024K)]
  0x000002a5903978f0 JavaThread "Jndi-Dns-address-change-listener" daemon [_thread_in_native, id=6780, stack(0x000000e706d00000,0x000000e706e00000) (1024K)]
  0x000002a590398ca0 JavaThread "BufferPoolPruner-1-thread-1" daemon [_thread_blocked, id=11796, stack(0x000000e706e00000,0x000000e706f00000) (1024K)]
  0x000002a590395820 JavaThread "cluster-ClusterId{value='6765cbd8d7c6d21606c44e6a', description='null'}-cluster0-shard-00-02.cnmwy.mongodb.net:27017" daemon [_thread_in_native, id=18168, stack(0x000000e707100000,0x000000e707200000) (1024K)]
  0x000002a590396540 JavaThread "cluster-ClusterId{value='6765cbd8d7c6d21606c44e6a', description='null'}-cluster0-shard-00-00.cnmwy.mongodb.net:27017" daemon [_thread_in_native, id=12284, stack(0x000000e707200000,0x000000e707300000) (1024K)]
  0x000002a590396bd0 JavaThread "cluster-ClusterId{value='6765cbd8d7c6d21606c44e6a', description='null'}-cluster0-shard-00-01.cnmwy.mongodb.net:27017" daemon [_thread_in_native, id=20988, stack(0x000000e707300000,0x000000e707400000) (1024K)]
  0x000002a590397260 JavaThread "cluster-rtt-ClusterId{value='6765cbd8d7c6d21606c44e6a', description='null'}-cluster0-shard-00-02.cnmwy.mongodb.net:27017" daemon [_thread_blocked, id=17440, stack(0x000000e707400000,0x000000e707500000) (1024K)]
  0x000002a58f7c5a00 JavaThread "cluster-rtt-ClusterId{value='6765cbd8d7c6d21606c44e6a', description='null'}-cluster0-shard-00-01.cnmwy.mongodb.net:27017" daemon [_thread_blocked, id=21444, stack(0x000000e707700000,0x000000e707800000) (1024K)]
  0x000002a58f7c6090 JavaThread "cluster-rtt-ClusterId{value='6765cbd8d7c6d21606c44e6a', description='null'}-cluster0-shard-00-00.cnmwy.mongodb.net:27017" daemon [_thread_blocked, id=21048, stack(0x000000e707800000,0x000000e707900000) (1024K)]
  0x000002a58f7c1860 JavaThread "MaintenanceTimer-2-thread-1" daemon [_thread_blocked, id=22264, stack(0x000000e707900000,0x000000e707a00000) (1024K)]
  0x000002a58f7c6db0 JavaThread "MaintenanceTimer-4-thread-1" daemon [_thread_blocked, id=25720, stack(0x000000e707a00000,0x000000e707b00000) (1024K)]
  0x000002a58f7c2c10 JavaThread "MaintenanceTimer-3-thread-1" daemon [_thread_blocked, id=23568, stack(0x000000e707b00000,0x000000e707c00000) (1024K)]
  0x000002a58f7c7440 JavaThread "SIGINT handler"             daemon [_thread_blocked, id=19188, stack(0x000000e704300000,0x000000e704400000) (1024K)]
Total: 30

Other Threads:
=>0x000002a549d6f970 VMThread "VM Thread"                           [id=20064, stack(0x000000e704d00000,0x000000e704e00000) (1024K)]
  0x000002a52d59e620 WorkerThread "GC Thread#0"                     [id=10284, stack(0x000000e704700000,0x000000e704800000) (1024K)]
  0x000002a5905f3370 WorkerThread "GC Thread#1"                     [id=14904, stack(0x000000e706000000,0x000000e706100000) (1024K)]
  0x000002a5905f3b70 WorkerThread "GC Thread#2"                     [id=9540, stack(0x000000e706100000,0x000000e706200000) (1024K)]
  0x000002a58feb5860 WorkerThread "GC Thread#3"                     [id=14832, stack(0x000000e706200000,0x000000e706300000) (1024K)]
  0x000002a58fea03d0 WorkerThread "GC Thread#4"                     [id=11116, stack(0x000000e706300000,0x000000e706400000) (1024K)]
  0x000002a58fea0780 WorkerThread "GC Thread#5"                     [id=22168, stack(0x000000e706400000,0x000000e706500000) (1024K)]
  0x000002a58fea1140 WorkerThread "GC Thread#6"                     [id=19824, stack(0x000000e706500000,0x000000e706600000) (1024K)]
  0x000002a58fea9d10 WorkerThread "GC Thread#7"                     [id=19980, stack(0x000000e706600000,0x000000e706700000) (1024K)]
  0x000002a52d5af400 ConcurrentGCThread "G1 Main Marker"            terminated
  0x000002a52d5aff10 WorkerThread "G1 Conc#0"                       [id=20960, stack(0x000000e704900000,0x000000e704a00000) (1024K)]
  0x000002a590b320e0 WorkerThread "G1 Conc#1"                       [id=7756, stack(0x000000e707500000,0x000000e707600000) (1024K)]
  0x000002a52d5fe050 ConcurrentGCThread "G1 Refine#0"               terminated
  0x000002a549c1e950 ConcurrentGCThread "G1 Service"                terminated
Total: 14

Threads with active compile tasks:
Total: 0

VM state: at safepoint (shutting down)

VM Mutex/Monitor currently owned by a thread:  ([mutex/lock_event])
[0x00007ffb5716cb80] Threads_lock - owner thread: 0x000002a549d6f970
[0x00007ffb5716cc80] Heap_lock - owner thread: 0x000002a58f7c7440

Heap address: 0x0000000081e00000, size: 2018 MB, Compressed Oops mode: 32-bit

CDS archive(s) mapped at: [0x000002a54a000000-0x000002a54ac60000-0x000002a54ac60000), size 12976128, SharedBaseAddress: 0x000002a54a000000, ArchiveRelocationMode: 1.
Compressed class space mapped at: 0x000002a54b000000-0x000002a58b000000, reserved size: 1073741824
Narrow klass base: 0x000002a54a000000, Narrow klass shift: 0, Narrow klass range: 0x41000000

GC Precious Log:
 CardTable entry size: 512
 Card Set container configuration: InlinePtr #cards 5 size 8 Array Of Cards #cards 12 size 40 Howl #buckets 4 coarsen threshold 1843 Howl Bitmap #cards 512 size 80 coarsen threshold 460 Card regions per heap region 1 cards per card region 2048
 CPUs: 8 total, 8 available
 Memory: 8066M
 Large Page Support: Disabled
 NUMA Support: Disabled
 Compressed Oops: Enabled (32-bit)
 Heap Region Size: 1M
 Heap Min Capacity: 8M
 Heap Initial Capacity: 128M
 Heap Max Capacity: 2018M
 Pre-touch: Disabled
 Parallel Workers: 8
 Concurrent Workers: 2
 Concurrent Refinement Workers: 8
 Periodic GC: Disabled

Heap:
 garbage-first heap   total reserved 2066432K, committed 56320K, used 27693K [0x0000000081e00000, 0x0000000100000000)
  region size 1024K, 21 young (21504K), 8 survivors (8192K)
 Metaspace       used 28702K, committed 29120K, reserved 1114112K
  class space    used 4038K, committed 4224K, reserved 1048576K

Heap Regions: E=young(eden), S=young(survivor), O=old, HS=humongous(starts), HC=humongous(continues), CS=collection set, F=free, TAMS=top-at-mark-start, PB=parsable bottom
|   0|0x0000000081e00000, 0x0000000081f00000, 0x0000000081f00000|100%| O|  |TAMS 0x0000000081e00000| PB 0x0000000081e00000| Untracked |  0
|   1|0x0000000081f00000, 0x0000000082000000, 0x0000000082000000|100%| O|  |TAMS 0x0000000081f00000| PB 0x0000000081f00000| Untracked |  1
|   2|0x0000000082000000, 0x0000000082100000, 0x0000000082100000|100%| O|  |TAMS 0x0000000082000000| PB 0x0000000082000000| Untracked |  0
|   3|0x0000000082100000, 0x000000008213e400, 0x0000000082200000| 24%| O|Cm|TAMS 0x0000000082100000| PB 0x0000000082100000| Complete |  0
|   4|0x0000000082200000, 0x0000000082300000, 0x0000000082300000|100%|HS|  |TAMS 0x0000000082200000| PB 0x0000000082200000| Complete |  0
|   5|0x0000000082300000, 0x0000000082400000, 0x0000000082400000|100%|HC|  |TAMS 0x0000000082300000| PB 0x0000000082300000| Complete |  0
|   6|0x0000000082400000, 0x0000000082400000, 0x0000000082500000|  0%| F|  |TAMS 0x0000000082400000| PB 0x0000000082400000| Untracked |  0
|   7|0x0000000082500000, 0x0000000082500000, 0x0000000082600000|  0%| F|  |TAMS 0x0000000082500000| PB 0x0000000082500000| Untracked |  0
|   8|0x0000000082600000, 0x0000000082600000, 0x0000000082700000|  0%| F|  |TAMS 0x0000000082600000| PB 0x0000000082600000| Untracked |  0
|   9|0x0000000082700000, 0x0000000082700000, 0x0000000082800000|  0%| F|  |TAMS 0x0000000082700000| PB 0x0000000082700000| Untracked |  0
|  10|0x0000000082800000, 0x0000000082800000, 0x0000000082900000|  0%| F|  |TAMS 0x0000000082800000| PB 0x0000000082800000| Untracked |  0
|  11|0x0000000082900000, 0x0000000082900000, 0x0000000082a00000|  0%| F|  |TAMS 0x0000000082900000| PB 0x0000000082900000| Untracked |  0
|  12|0x0000000082a00000, 0x0000000082a00000, 0x0000000082b00000|  0%| F|  |TAMS 0x0000000082a00000| PB 0x0000000082a00000| Untracked |  0
|  13|0x0000000082b00000, 0x0000000082b00000, 0x0000000082c00000|  0%| F|  |TAMS 0x0000000082b00000| PB 0x0000000082b00000| Untracked |  0
|  14|0x0000000082c00000, 0x0000000082c00000, 0x0000000082d00000|  0%| F|  |TAMS 0x0000000082c00000| PB 0x0000000082c00000| Untracked |  0
|  15|0x0000000082d00000, 0x0000000082d00000, 0x0000000082e00000|  0%| F|  |TAMS 0x0000000082d00000| PB 0x0000000082d00000| Untracked |  0
|  16|0x0000000082e00000, 0x0000000082e00000, 0x0000000082f00000|  0%| F|  |TAMS 0x0000000082e00000| PB 0x0000000082e00000| Untracked |  0
|  17|0x0000000082f00000, 0x0000000082f00000, 0x0000000083000000|  0%| F|  |TAMS 0x0000000082f00000| PB 0x0000000082f00000| Untracked |  0
|  18|0x0000000083000000, 0x0000000083000000, 0x0000000083100000|  0%| F|  |TAMS 0x0000000083000000| PB 0x0000000083000000| Untracked |  0
|  19|0x0000000083100000, 0x0000000083100000, 0x0000000083200000|  0%| F|  |TAMS 0x0000000083100000| PB 0x0000000083100000| Untracked |  0
|  20|0x0000000083200000, 0x0000000083200000, 0x0000000083300000|  0%| F|  |TAMS 0x0000000083200000| PB 0x0000000083200000| Untracked |  0
|  21|0x0000000083300000, 0x0000000083300000, 0x0000000083400000|  0%| F|  |TAMS 0x0000000083300000| PB 0x0000000083300000| Untracked |  0
|  22|0x0000000083400000, 0x0000000083400000, 0x0000000083500000|  0%| F|  |TAMS 0x0000000083400000| PB 0x0000000083400000| Untracked |  0
|  23|0x0000000083500000, 0x0000000083500000, 0x0000000083600000|  0%| F|  |TAMS 0x0000000083500000| PB 0x0000000083500000| Untracked |  0
|  24|0x0000000083600000, 0x0000000083600000, 0x0000000083700000|  0%| F|  |TAMS 0x0000000083600000| PB 0x0000000083600000| Untracked |  0
|  25|0x0000000083700000, 0x0000000083700000, 0x0000000083800000|  0%| F|  |TAMS 0x0000000083700000| PB 0x0000000083700000| Untracked |  0
|  26|0x0000000083800000, 0x0000000083800000, 0x0000000083900000|  0%| F|  |TAMS 0x0000000083800000| PB 0x0000000083800000| Untracked |  0
|  27|0x0000000083900000, 0x0000000083900000, 0x0000000083a00000|  0%| F|  |TAMS 0x0000000083900000| PB 0x0000000083900000| Untracked |  0
|  28|0x0000000083a00000, 0x0000000083a00000, 0x0000000083b00000|  0%| F|  |TAMS 0x0000000083a00000| PB 0x0000000083a00000| Untracked |  0
|  29|0x0000000083b00000, 0x0000000083b00000, 0x0000000083c00000|  0%| F|  |TAMS 0x0000000083b00000| PB 0x0000000083b00000| Untracked |  0
|  30|0x0000000083c00000, 0x0000000083c00000, 0x0000000083d00000|  0%| F|  |TAMS 0x0000000083c00000| PB 0x0000000083c00000| Untracked |  0
|  31|0x0000000083d00000, 0x0000000083d20060, 0x0000000083e00000| 12%| E|  |TAMS 0x0000000083d00000| PB 0x0000000083d00000| Complete |  0
|  32|0x0000000083e00000, 0x0000000083f00000, 0x0000000083f00000|100%| E|CS|TAMS 0x0000000083e00000| PB 0x0000000083e00000| Complete |  0
|  33|0x0000000083f00000, 0x0000000084000000, 0x0000000084000000|100%| E|CS|TAMS 0x0000000083f00000| PB 0x0000000083f00000| Complete |  0
|  34|0x0000000084000000, 0x0000000084100000, 0x0000000084100000|100%| E|CS|TAMS 0x0000000084000000| PB 0x0000000084000000| Complete |  0
|  35|0x0000000084100000, 0x0000000084200000, 0x0000000084200000|100%| E|CS|TAMS 0x0000000084100000| PB 0x0000000084100000| Complete |  0
|  36|0x0000000084200000, 0x0000000084300000, 0x0000000084300000|100%| S|CS|TAMS 0x0000000084200000| PB 0x0000000084200000| Complete |  0
|  37|0x0000000084300000, 0x0000000084400000, 0x0000000084400000|100%| S|CS|TAMS 0x0000000084300000| PB 0x0000000084300000| Complete |  0
|  38|0x0000000084400000, 0x0000000084500000, 0x0000000084500000|100%| S|CS|TAMS 0x0000000084400000| PB 0x0000000084400000| Complete |  0
|  39|0x0000000084500000, 0x0000000084600000, 0x0000000084600000|100%| S|CS|TAMS 0x0000000084500000| PB 0x0000000084500000| Complete |  0
|  40|0x0000000084600000, 0x0000000084700000, 0x0000000084700000|100%| S|CS|TAMS 0x0000000084600000| PB 0x0000000084600000| Complete |  0
|  41|0x0000000084700000, 0x0000000084800000, 0x0000000084800000|100%| S|CS|TAMS 0x0000000084700000| PB 0x0000000084700000| Complete |  0
|  42|0x0000000084800000, 0x0000000084900000, 0x0000000084900000|100%| S|CS|TAMS 0x0000000084800000| PB 0x0000000084800000| Complete |  0
|  43|0x0000000084900000, 0x000000008494d5f0, 0x0000000084a00000| 30%| S|CS|TAMS 0x0000000084900000| PB 0x0000000084900000| Complete |  0
|  78|0x0000000086c00000, 0x0000000086d00000, 0x0000000086d00000|100%| E|CS|TAMS 0x0000000086c00000| PB 0x0000000086c00000| Complete |  0
|  79|0x0000000086d00000, 0x0000000086e00000, 0x0000000086e00000|100%| E|CS|TAMS 0x0000000086d00000| PB 0x0000000086d00000| Complete |  0
|  80|0x0000000086e00000, 0x0000000086f00000, 0x0000000086f00000|100%| E|CS|TAMS 0x0000000086e00000| PB 0x0000000086e00000| Complete |  0
|  81|0x0000000086f00000, 0x0000000087000000, 0x0000000087000000|100%| E|CS|TAMS 0x0000000086f00000| PB 0x0000000086f00000| Complete |  0
|  82|0x0000000087000000, 0x0000000087100000, 0x0000000087100000|100%| E|CS|TAMS 0x0000000087000000| PB 0x0000000087000000| Complete |  0
|  83|0x0000000087100000, 0x0000000087200000, 0x0000000087200000|100%| E|CS|TAMS 0x0000000087100000| PB 0x0000000087100000| Complete |  0
|  84|0x0000000087200000, 0x0000000087300000, 0x0000000087300000|100%| E|CS|TAMS 0x0000000087200000| PB 0x0000000087200000| Complete |  0
| 127|0x0000000089d00000, 0x0000000089e00000, 0x0000000089e00000|100%| E|CS|TAMS 0x0000000089d00000| PB 0x0000000089d00000| Complete |  0
|2015|0x00000000ffd00000, 0x00000000ffd7fcb8, 0x00000000ffe00000| 49%| O|  |TAMS 0x00000000ffd00000| PB 0x00000000ffd00000| Untracked |  0
|2016|0x00000000ffe00000, 0x00000000fff00000, 0x00000000fff00000|100%| O|  |TAMS 0x00000000ffe00000| PB 0x00000000ffe00000| Untracked |  0
|2017|0x00000000fff00000, 0x0000000100000000, 0x0000000100000000|100%| O|  |TAMS 0x00000000fff00000| PB 0x00000000fff00000| Untracked |  0

Card table byte_map: [0x000002a544fc0000,0x000002a5453c0000] _byte_map_base: 0x000002a544bb1000

Marking Bits: (CMBitMap*) 0x000002a52d59ed30
 Bits: [0x000002a5453c0000, 0x000002a547348000)

Polling page: 0x000002a52b500000

Metaspace:

Usage:
  Non-class:     24.09 MB used.
      Class:      3.94 MB used.
       Both:     28.03 MB used.

Virtual space:
  Non-class space:       64.00 MB reserved,      24.31 MB ( 38%) committed,  1 nodes.
      Class space:        1.00 GB reserved,       4.12 MB ( <1%) committed,  1 nodes.
             Both:        1.06 GB reserved,      28.44 MB (  3%) committed. 

Chunk freelists:
   Non-Class:  7.61 MB
       Class:  11.92 MB
        Both:  19.53 MB

MaxMetaspaceSize: unlimited
CompressedClassSpaceSize: 1.00 GB
Initial GC threshold: 21.00 MB
Current GC threshold: 35.56 MB
CDS: on
 - commit_granule_bytes: 65536.
 - commit_granule_words: 8192.
 - virtual_space_node_default_size: 8388608.
 - enlarge_chunks_in_place: 1.
 - use_allocation_guard: 0.


Internal statistics:

num_allocs_failed_limit: 3.
num_arena_births: 402.
num_arena_deaths: 0.
num_vsnodes_births: 2.
num_vsnodes_deaths: 0.
num_space_committed: 455.
num_space_uncommitted: 0.
num_chunks_returned_to_freelist: 3.
num_chunks_taken_from_freelist: 1201.
num_chunk_merges: 3.
num_chunk_splits: 820.
num_chunks_enlarged: 623.
num_inconsistent_stats: 0.

CodeHeap 'non-profiled nmethods': size=120000Kb used=2472Kb max_used=2472Kb free=117527Kb
 bounds [0x000002a53d360000, 0x000002a53d5d0000, 0x000002a544890000]
CodeHeap 'profiled nmethods': size=120000Kb used=9154Kb max_used=9154Kb free=110845Kb
 bounds [0x000002a535890000, 0x000002a536190000, 0x000002a53cdc0000]
CodeHeap 'non-nmethods': size=5760Kb used=1998Kb max_used=2071Kb free=3761Kb
 bounds [0x000002a53cdc0000, 0x000002a53d030000, 0x000002a53d360000]
 total_blobs=5779 nmethods=4815 adapters=867
 compilation: enabled
              stopped_count=0, restarted_count=0
 full_count=0

Compilation events (20 events):
Event: 115.036 Thread 0x000002a549d9dd60 nmethod 4819 0x000002a53617e410 code [0x000002a53617e5c0, 0x000002a53617e778]
Event: 115.046 Thread 0x000002a549d99a00 nmethod 4818 0x000002a53d5c8b90 code [0x000002a53d5c8d20, 0x000002a53d5c9230]
Event: 115.048 Thread 0x000002a549d99a00 4820       4       org.bson.BsonBinaryReader::getContext (8 bytes)
Event: 115.048 Thread 0x000002a549d9dd60 4821       3       java.util.stream.StreamOpFlag::isKnown (19 bytes)
Event: 115.048 Thread 0x000002a549d9dd60 nmethod 4821 0x000002a53617e810 code [0x000002a53617e9a0, 0x000002a53617eb08]
Event: 115.048 Thread 0x000002a549d9dd60 4822   !   3       java.util.AbstractSet::equals (45 bytes)
Event: 115.049 Thread 0x000002a549d99a00 nmethod 4820 0x000002a53d5c9310 code [0x000002a53d5c9480, 0x000002a53d5c9510]
Event: 115.049 Thread 0x000002a549d9dd60 nmethod 4822 0x000002a53617eb90 code [0x000002a53617ed80, 0x000002a53617f440]
Event: 115.049 Thread 0x000002a549d9dd60 4823       3       java.util.Collections$UnmodifiableSet::equals (24 bytes)
Event: 115.050 Thread 0x000002a549d9dd60 nmethod 4823 0x000002a53617f590 code [0x000002a53617f740, 0x000002a53617f998]
Event: 115.065 Thread 0x000002a549d9dd60 4824       3       org.bson.io.ByteBufferBsonInput::readBytes (22 bytes)
Event: 115.066 Thread 0x000002a549d9dd60 nmethod 4824 0x000002a53617fa90 code [0x000002a53617fc80, 0x000002a536180250]
Event: 117.749 Thread 0x000002a549d9dd60 4825       1       com.mongodb.internal.connection.NoOpSessionContext::hasActiveTransaction (2 bytes)
Event: 117.749 Thread 0x000002a549d9dd60 nmethod 4825 0x000002a53d5c9610 code [0x000002a53d5c97a0, 0x000002a53d5c9868]
Event: 117.749 Thread 0x000002a549d9dd60 4826       3       javax.crypto.spec.SecretKeySpec::getEncoded (11 bytes)
Event: 117.750 Thread 0x000002a549d9dd60 nmethod 4826 0x000002a536180490 code [0x000002a536180640, 0x000002a5361808e8]
Event: 117.939 Thread 0x000002a549d99a00 4827       4       java.nio.ByteBuffer::limit (6 bytes)
Event: 117.943 Thread 0x000002a549d99a00 nmethod 4827 0x000002a53d5c9910 code [0x000002a53d5c9aa0, 0x000002a53d5c9c90]
Event: 118.858 Thread 0x000002a549d9dd60 4828       1       java.util.logging.LogManager$LoggerContext::getOwner (5 bytes)
Event: 118.859 Thread 0x000002a549d9dd60 nmethod 4828 0x000002a53d5c9e10 code [0x000002a53d5c9fa0, 0x000002a53d5ca068]

GC Heap History (8 events):
Event: 1.681 GC heap before
{Heap before GC invocations=0 (full 0):
 garbage-first heap   total reserved 2066432K, committed 131072K, used 23552K [0x0000000081e00000, 0x0000000100000000)
  region size 1024K, 24 young (24576K), 0 survivors (0K)
 Metaspace       used 4692K, committed 4864K, reserved 1114112K
  class space    used 499K, committed 576K, reserved 1048576K
}
Event: 1.689 GC heap after
{Heap after GC invocations=1 (full 0):
 garbage-first heap   total reserved 2066432K, committed 131072K, used 3412K [0x0000000081e00000, 0x0000000100000000)
  region size 1024K, 3 young (3072K), 3 survivors (3072K)
 Metaspace       used 4692K, committed 4864K, reserved 1114112K
  class space    used 499K, committed 576K, reserved 1048576K
}
Event: 2.847 GC heap before
{Heap before GC invocations=1 (full 0):
 garbage-first heap   total reserved 2066432K, committed 131072K, used 36180K [0x0000000081e00000, 0x0000000100000000)
  region size 1024K, 36 young (36864K), 3 survivors (3072K)
 Metaspace       used 11088K, committed 11328K, reserved 1114112K
  class space    used 1671K, committed 1792K, reserved 1048576K
}
Event: 2.856 GC heap after
{Heap after GC invocations=2 (full 0):
 garbage-first heap   total reserved 2066432K, committed 131072K, used 6189K [0x0000000081e00000, 0x0000000100000000)
  region size 1024K, 3 young (3072K), 3 survivors (3072K)
 Metaspace       used 11088K, committed 11328K, reserved 1114112K
  class space    used 1671K, committed 1792K, reserved 1048576K
}
Event: 13.618 GC heap before
{Heap before GC invocations=2 (full 0):
 garbage-first heap   total reserved 2066432K, committed 131072K, used 47149K [0x0000000081e00000, 0x0000000100000000)
  region size 1024K, 43 young (44032K), 3 survivors (3072K)
 Metaspace       used 21254K, committed 21504K, reserved 1114112K
  class space    used 2957K, committed 3072K, reserved 1048576K
}
Event: 13.630 GC heap after
{Heap after GC invocations=3 (full 0):
 garbage-first heap   total reserved 2066432K, committed 131072K, used 12342K [0x0000000081e00000, 0x0000000100000000)
  region size 1024K, 7 young (7168K), 7 survivors (7168K)
 Metaspace       used 21254K, committed 21504K, reserved 1114112K
  class space    used 2957K, committed 3072K, reserved 1048576K
}
Event: 22.809 GC heap before
{Heap before GC invocations=4 (full 0):
 garbage-first heap   total reserved 2066432K, committed 45056K, used 44086K [0x0000000081e00000, 0x0000000100000000)
  region size 1024K, 38 young (38912K), 7 survivors (7168K)
 Metaspace       used 27591K, committed 27968K, reserved 1114112K
  class space    used 3892K, committed 4032K, reserved 1048576K
}
Event: 22.824 GC heap after
{Heap after GC invocations=5 (full 0):
 garbage-first heap   total reserved 2066432K, committed 56320K, used 15405K [0x0000000081e00000, 0x0000000100000000)
  region size 1024K, 8 young (8192K), 8 survivors (8192K)
 Metaspace       used 27591K, committed 27968K, reserved 1114112K
  class space    used 3892K, committed 4032K, reserved 1048576K
}

Dll operation events (20 events):
Event: 1.194 Loaded shared library C:\Users\renad\.openjfx\cache\17.0.6\api-ms-win-crt-math-l1-1-0.dll
Event: 1.202 Loaded shared library C:\Users\renad\.openjfx\cache\17.0.6\api-ms-win-crt-multibyte-l1-1-0.dll
Event: 1.214 Loaded shared library C:\Users\renad\.openjfx\cache\17.0.6\api-ms-win-crt-private-l1-1-0.dll
Event: 1.217 Loaded shared library C:\Program Files\Java\jdk-22.0.2\bin\jimage.dll
Event: 1.224 Loaded shared library C:\Users\renad\.openjfx\cache\17.0.6\api-ms-win-crt-process-l1-1-0.dll
Event: 1.231 Loaded shared library C:\Users\renad\.openjfx\cache\17.0.6\api-ms-win-crt-runtime-l1-1-0.dll
Event: 1.239 Loaded shared library C:\Users\renad\.openjfx\cache\17.0.6\api-ms-win-crt-stdio-l1-1-0.dll
Event: 1.246 Loaded shared library C:\Users\renad\.openjfx\cache\17.0.6\api-ms-win-crt-string-l1-1-0.dll
Event: 1.254 Loaded shared library C:\Users\renad\.openjfx\cache\17.0.6\api-ms-win-crt-time-l1-1-0.dll
Event: 1.261 Loaded shared library C:\Users\renad\.openjfx\cache\17.0.6\api-ms-win-crt-utility-l1-1-0.dll
Event: 1.294 Loaded shared library C:\Users\renad\.openjfx\cache\17.0.6\ucrtbase.dll
Event: 1.304 Loaded shared library C:\Users\renad\.openjfx\cache\17.0.6\vcruntime140.dll
Event: 1.311 Loaded shared library C:\Users\renad\.openjfx\cache\17.0.6\vcruntime140_1.dll
Event: 1.332 Loaded shared library C:\Users\renad\.openjfx\cache\17.0.6\msvcp140.dll
Event: 1.339 Loaded shared library C:\Users\renad\.openjfx\cache\17.0.6\msvcp140_1.dll
Event: 1.350 Loaded shared library C:\Users\renad\.openjfx\cache\17.0.6\msvcp140_2.dll
Event: 1.433 Loaded shared library C:\Users\renad\.openjfx\cache\17.0.6\prism_d3d.dll
Event: 1.506 Loaded shared library C:\Users\renad\.openjfx\cache\17.0.6\glass.dll
Event: 1.907 Loaded shared library C:\Users\renad\.openjfx\cache\17.0.6\javafx_font.dll
Event: 12.930 Loaded shared library C:\Program Files\Java\jdk-22.0.2\bin\sunmscapi.dll

Deoptimization events (20 events):
Event: 26.330 Thread 0x000002a58fc66880 DEOPT PACKING pc=0x000002a53d505ea8 sp=0x000000e705bfbaa0
Event: 26.330 Thread 0x000002a58fc66880 DEOPT UNPACKING pc=0x000002a53ce146a2 sp=0x000000e705bfbb10 mode 2
Event: 26.330 Thread 0x000002a58fc66880 Uncommon trap: trap_request=0xffffffc6 fr.pc=0x000002a53d505ea8 relative=0x0000000000002e28
Event: 26.330 Thread 0x000002a58fc66880 Uncommon trap: reason=bimorphic_or_optimized_type_check action=maybe_recompile pc=0x000002a53d505ea8 method=java.util.zip.InflaterInputStream.read([BII)I @ 78 c2
Event: 26.330 Thread 0x000002a58fc66880 DEOPT PACKING pc=0x000002a53d505ea8 sp=0x000000e705bfbaa0
Event: 26.330 Thread 0x000002a58fc66880 DEOPT UNPACKING pc=0x000002a53ce146a2 sp=0x000000e705bfbb10 mode 2
Event: 26.330 Thread 0x000002a58fc66880 Uncommon trap: trap_request=0xffffffc6 fr.pc=0x000002a53d505ea8 relative=0x0000000000002e28
Event: 26.331 Thread 0x000002a58fc66880 Uncommon trap: reason=bimorphic_or_optimized_type_check action=maybe_recompile pc=0x000002a53d505ea8 method=java.util.zip.InflaterInputStream.read([BII)I @ 78 c2
Event: 26.331 Thread 0x000002a58fc66880 DEOPT PACKING pc=0x000002a53d505ea8 sp=0x000000e705bfbaa0
Event: 26.331 Thread 0x000002a58fc66880 DEOPT UNPACKING pc=0x000002a53ce146a2 sp=0x000000e705bfbb10 mode 2
Event: 26.345 Thread 0x000002a58fc66880 DEOPT PACKING pc=0x000002a535f0575b sp=0x000000e705bfc5a0
Event: 26.345 Thread 0x000002a58fc66880 DEOPT UNPACKING pc=0x000002a53ce14e42 sp=0x000000e705bfba28 mode 0
Event: 26.346 Thread 0x000002a58fc66880 Uncommon trap: trap_request=0xffffff45 fr.pc=0x000002a53d586170 relative=0x0000000000000b90
Event: 26.346 Thread 0x000002a58fc66880 Uncommon trap: reason=unstable_if action=reinterpret pc=0x000002a53d586170 method=javafx.scene.CssStyleHelper.lookup(Ljavafx/css/Styleable;Ljavafx/css/CssMetaData;Lcom/sun/javafx/css/StyleMap;Ljava/util/Set;Ljavafx/css/Styleable;Lcom/sun/javafx/css/Calcul
Event: 26.346 Thread 0x000002a58fc66880 DEOPT PACKING pc=0x000002a53d586170 sp=0x000000e705bfc4c0
Event: 26.346 Thread 0x000002a58fc66880 DEOPT UNPACKING pc=0x000002a53ce146a2 sp=0x000000e705bfc438 mode 2
Event: 28.444 Thread 0x000002a58fc66880 DEOPT PACKING pc=0x000002a535e1e771 sp=0x000000e705bf6740
Event: 28.444 Thread 0x000002a58fc66880 DEOPT UNPACKING pc=0x000002a53ce14e42 sp=0x000000e705bf5c50 mode 0
Event: 75.008 Thread 0x000002a590396bd0 DEOPT PACKING pc=0x000002a535e933be sp=0x000000e7073fe8e0
Event: 75.008 Thread 0x000002a590396bd0 DEOPT UNPACKING pc=0x000002a53ce14e42 sp=0x000000e7073fddd0 mode 0

Classes loaded (20 events):
Event: 26.316 Loading class java/io/SequenceInputStream
Event: 26.316 Loading class java/io/SequenceInputStream done
Event: 26.322 Loading class java/io/EOFException
Event: 26.322 Loading class java/io/EOFException done
Event: 28.431 Loading class java/math/MathContext
Event: 28.431 Loading class java/math/MathContext done
Event: 28.682 Loading class java/util/stream/MatchOps$MatchKind
Event: 28.682 Loading class java/util/stream/MatchOps$MatchKind done
Event: 28.682 Loading class java/util/stream/MatchOps
Event: 28.682 Loading class java/util/stream/MatchOps done
Event: 28.682 Loading class java/util/stream/MatchOps$MatchOp
Event: 28.682 Loading class java/util/stream/MatchOps$MatchOp done
Event: 28.683 Loading class java/util/stream/MatchOps$BooleanTerminalSink
Event: 28.683 Loading class java/util/stream/MatchOps$BooleanTerminalSink done
Event: 28.683 Loading class java/util/stream/MatchOps$1MatchSink
Event: 28.684 Loading class java/util/stream/MatchOps$1MatchSink done
Event: 97.151 Loading class java/lang/foreign/MemorySegment
Event: 97.152 Loading class java/lang/foreign/MemorySegment done
Event: 118.857 Loading class jdk/internal/misc/Signal$1
Event: 118.857 Loading class jdk/internal/misc/Signal$1 done

Classes unloaded (0 events):
No events

Classes redefined (0 events):
No events

Internal exceptions (20 events):
Event: 13.384 Thread 0x000002a58fc66880 Exception <a 'java/lang/IncompatibleClassChangeError'{0x0000000087df3cd8}: Found class java.lang.Object, but interface was expected> (0x0000000087df3cd8) 
thrown [s\open\src\hotspot\share\interpreter\linkResolver.cpp, line 841]
Event: 13.385 Thread 0x000002a58fc66880 Exception <a 'java/lang/NoSuchMethodError'{0x0000000087df6fa0}: 'void java.lang.invoke.DirectMethodHandle$Holder.invokeInterface(java.lang.Object, java.lang.Object, java.lang.Object, java.lang.Object)'> (0x0000000087df6fa0) 
thrown [s\open\src\hotspot\share\interpreter\linkResolver.cpp, line 774]
Event: 13.385 Thread 0x000002a58fc66880 Exception <a 'java/lang/IncompatibleClassChangeError'{0x0000000087dfa6b8}: Found class java.lang.Object, but interface was expected> (0x0000000087dfa6b8) 
thrown [s\open\src\hotspot\share\interpreter\linkResolver.cpp, line 841]
Event: 13.388 Thread 0x000002a58fc66880 Exception <a 'java/lang/NoSuchMethodError'{0x0000000087c04ab8}: 'void java.lang.invoke.DirectMethodHandle$Holder.invokeInterface(java.lang.Object, java.lang.Object)'> (0x0000000087c04ab8) 
thrown [s\open\src\hotspot\share\interpreter\linkResolver.cpp, line 774]
Event: 13.556 Thread 0x000002a590396bd0 Exception <a 'sun/nio/fs/WindowsException'{0x0000000087faf148}> (0x0000000087faf148) 
thrown [s\open\src\hotspot\share\prims\jni.cpp, line 520]
Event: 13.688 Thread 0x000002a590396bd0 Exception <a 'java/lang/NoSuchMethodError'{0x0000000089dbbc58}: 'java.lang.Object java.lang.invoke.DirectMethodHandle$Holder.newInvokeSpecial(java.lang.Object, long)'> (0x0000000089dbbc58) 
thrown [s\open\src\hotspot\share\interpreter\linkResolver.cpp, line 774]
Event: 13.688 Thread 0x000002a590395820 Exception <a 'java/lang/NoSuchMethodError'{0x0000000089dcf168}: 'java.lang.Object java.lang.invoke.DirectMethodHandle$Holder.newInvokeSpecial(java.lang.Object, long)'> (0x0000000089dcf168) 
thrown [s\open\src\hotspot\share\interpreter\linkResolver.cpp, line 774]
Event: 13.688 Thread 0x000002a590396540 Exception <a 'java/lang/NoSuchMethodError'{0x000000008411b1a8}: 'java.lang.Object java.lang.invoke.DirectMethodHandle$Holder.newInvokeSpecial(java.lang.Object, long)'> (0x000000008411b1a8) 
thrown [s\open\src\hotspot\share\interpreter\linkResolver.cpp, line 774]
Event: 13.689 Thread 0x000002a590396bd0 Exception <a 'java/lang/NoSuchMethodError'{0x0000000089dbf9b8}: 'java.lang.Object java.lang.invoke.DirectMethodHandle$Holder.invokeStatic(java.lang.Object, long, long)'> (0x0000000089dbf9b8) 
thrown [s\open\src\hotspot\share\interpreter\linkResolver.cpp, line 774]
Event: 13.689 Thread 0x000002a590396540 Exception <a 'java/lang/NoSuchMethodError'{0x0000000084186548}: 'java.lang.Object java.lang.invoke.DirectMethodHandle$Holder.invokeStatic(java.lang.Object, long, long)'> (0x0000000084186548) 
thrown [s\open\src\hotspot\share\interpreter\linkResolver.cpp, line 774]
Event: 13.689 Thread 0x000002a590395820 Exception <a 'java/lang/NoSuchMethodError'{0x0000000089dd2f28}: 'java.lang.Object java.lang.invoke.DirectMethodHandle$Holder.invokeStatic(java.lang.Object, long, long)'> (0x0000000089dd2f28) 
thrown [s\open\src\hotspot\share\interpreter\linkResolver.cpp, line 774]
Event: 14.793 Thread 0x000002a590395820 Exception <a 'java/lang/NoSuchMethodError'{0x00000000838343e8}: 'void java.lang.invoke.DirectMethodHandle$Holder.invokeStatic(java.lang.Object, java.lang.Object, long)'> (0x00000000838343e8) 
thrown [s\open\src\hotspot\share\interpreter\linkResolver.cpp, line 774]
Event: 14.793 Thread 0x000002a590396bd0 Exception <a 'java/lang/NoSuchMethodError'{0x000000008389fed0}: 'void java.lang.invoke.DirectMethodHandle$Holder.invokeStatic(java.lang.Object, java.lang.Object, long)'> (0x000000008389fed0) 
thrown [s\open\src\hotspot\share\interpreter\linkResolver.cpp, line 774]
Event: 14.793 Thread 0x000002a590396540 Exception <a 'java/lang/NoSuchMethodError'{0x00000000838dc080}: 'void java.lang.invoke.DirectMethodHandle$Holder.invokeStatic(java.lang.Object, java.lang.Object, long)'> (0x00000000838dc080) 
thrown [s\open\src\hotspot\share\interpreter\linkResolver.cpp, line 774]
Event: 16.197 Thread 0x000002a58fc66880 Exception <a 'java/lang/NoSuchMethodError'{0x00000000835234e0}: 'long java.lang.invoke.DirectMethodHandle$Holder.invokeStatic(java.lang.Object, long)'> (0x00000000835234e0) 
thrown [s\open\src\hotspot\share\interpreter\linkResolver.cpp, line 774]
Event: 17.691 Thread 0x000002a58ffdeff0 Exception <a 'java/lang/NoSuchMethodError'{0x00000000832c65d0}: 'java.lang.Object java.lang.invoke.DirectMethodHandle$Holder.invokeStaticInit(java.lang.Object, int)'> (0x00000000832c65d0) 
thrown [s\open\src\hotspot\share\interpreter\linkResolver.cpp, line 774]
Event: 26.286 Thread 0x000002a58fc66880 Exception <a 'java/lang/NoSuchMethodError'{0x00000000871bbe90}: 'double java.lang.invoke.DirectMethodHandle$Holder.invokeStatic(java.lang.Object, java.lang.Object)'> (0x00000000871bbe90) 
thrown [s\open\src\hotspot\share\interpreter\linkResolver.cpp, line 774]
Event: 26.290 Thread 0x000002a58fc66880 Exception <a 'java/lang/NoSuchMethodError'{0x00000000871c4390}: 'void java.lang.invoke.DirectMethodHandle$Holder.invokeStatic(java.lang.Object, java.lang.Object, double)'> (0x00000000871c4390) 
thrown [s\open\src\hotspot\share\interpreter\linkResolver.cpp, line 774]
Event: 26.298 Thread 0x000002a58fc66880 Exception <a 'java/lang/NoSuchMethodError'{0x0000000086fa5cd0}: 'java.lang.Object java.lang.invoke.DirectMethodHandle$Holder.newInvokeSpecial(java.lang.Object, java.lang.Object, double)'> (0x0000000086fa5cd0) 
thrown [s\open\src\hotspot\share\interpreter\linkResolver.cpp, line 774]
Event: 28.483 Thread 0x000002a58fc66880 Exception <a 'java/lang/NoSuchMethodError'{0x000000008417f6b8}: 'void java.lang.invoke.DirectMethodHandle$Holder.invokeSpecial(java.lang.Object, java.lang.Object, int)'> (0x000000008417f6b8) 
thrown [s\open\src\hotspot\share\interpreter\linkResolver.cpp, line 774]

ZGC Phase Switch (0 events):
No events

VM Operations (20 events):
Event: 60.256 Executing VM operation: RendezvousGCThreads done
Event: 65.280 Executing VM operation: Cleanup
Event: 65.280 Executing VM operation: Cleanup done
Event: 66.294 Executing VM operation: Cleanup
Event: 66.294 Executing VM operation: Cleanup done
Event: 67.299 Executing VM operation: Cleanup
Event: 67.299 Executing VM operation: Cleanup done
Event: 75.357 Executing VM operation: Cleanup
Event: 75.357 Executing VM operation: Cleanup done
Event: 77.361 Executing VM operation: Cleanup
Event: 77.361 Executing VM operation: Cleanup done
Event: 87.413 Executing VM operation: Cleanup
Event: 87.413 Executing VM operation: Cleanup done
Event: 95.467 Executing VM operation: Cleanup
Event: 95.467 Executing VM operation: Cleanup done
Event: 105.558 Executing VM operation: Cleanup
Event: 105.558 Executing VM operation: Cleanup done
Event: 115.663 Executing VM operation: Cleanup
Event: 115.663 Executing VM operation: Cleanup done
Event: 118.861 Executing VM operation: Exit

Memory protections (0 events):
No events

Nmethod flushes (0 events):
No events

Events (20 events):
Event: 17.062 Thread 0x000002a549d9dd60 Thread added: 0x000002a590bc0ef0
Event: 17.294 Thread 0x000002a549d9dd60 Thread added: 0x000002a5900cc090
Event: 18.075 Thread 0x000002a5900cc090 Thread exited: 0x000002a5900cc090
Event: 18.077 Thread 0x000002a590bc0ef0 Thread exited: 0x000002a590bc0ef0
Event: 22.838 Thread 0x000002a549d9dd60 Thread added: 0x000002a5900cc090
Event: 22.846 Thread 0x000002a549d9dd60 Thread added: 0x000002a590b5c8b0
Event: 23.810 Thread 0x000002a5900cc090 Thread exited: 0x000002a5900cc090
Event: 23.810 Thread 0x000002a590b5c8b0 Thread exited: 0x000002a590b5c8b0
Event: 26.353 Thread 0x000002a549d9dd60 Thread added: 0x000002a5963a85a0
Event: 26.353 Thread 0x000002a549d9dd60 Thread added: 0x000002a596da1f10
Event: 27.051 Thread 0x000002a596da1f10 Thread exited: 0x000002a596da1f10
Event: 27.051 Thread 0x000002a5963a85a0 Thread exited: 0x000002a5963a85a0
Event: 73.300 Thread 0x000002a590398610 Thread exited: 0x000002a590398610
Event: 118.858 Thread 0x000002a549d8de50 Thread added: 0x000002a58f7c7440
Event: 118.859 Thread 0x000002a58f7c7440 Thread added: 0x000002a58f7c11d0
Event: 118.859 Thread 0x000002a58f7c7440 Thread added: 0x000002a58f7c7ad0
Event: 118.860 Thread 0x000002a58f7c11d0 Thread exited: 0x000002a58f7c11d0
Event: 118.861 Thread 0x000002a58f7c7ad0 Thread exited: 0x000002a58f7c7ad0
Event: 118.861 Thread 0x000002a58f7c7440 Before exit entered
Event: 118.861 Thread 0x000002a549d8de50 Thread exited: 0x000002a549d8de50


Dynamic libraries:
0x00007ff6ff240000 - 0x00007ff6ff250000 	C:\Program Files\Java\jdk-22.0.2\bin\java.exe
0x00007ffbb94b0000 - 0x00007ffbb96c7000 	C:\WINDOWS\SYSTEM32\ntdll.dll
0x00007ffbb7920000 - 0x00007ffbb79e4000 	C:\WINDOWS\System32\KERNEL32.DLL
0x00007ffbb6dc0000 - 0x00007ffbb717a000 	C:\WINDOWS\System32\KERNELBASE.dll
0x00007ffbb6780000 - 0x00007ffbb6891000 	C:\WINDOWS\System32\ucrtbase.dll
0x00007ffba5520000 - 0x00007ffba553b000 	C:\Program Files\Java\jdk-22.0.2\bin\VCRUNTIME140.dll
0x00007ffbb0440000 - 0x00007ffbb0457000 	C:\Program Files\Java\jdk-22.0.2\bin\jli.dll
0x00007ffbb7750000 - 0x00007ffbb78fe000 	C:\WINDOWS\System32\USER32.dll
0x00007ffb9ddf0000 - 0x00007ffb9e082000 	C:\WINDOWS\WinSxS\amd64_microsoft.windows.common-controls_6595b64144ccf1df_6.0.22621.4541_none_2710d1c57384c085\COMCTL32.dll
0x00007ffbb68a0000 - 0x00007ffbb68c6000 	C:\WINDOWS\System32\win32u.dll
0x00007ffbb8190000 - 0x00007ffbb8237000 	C:\WINDOWS\System32\msvcrt.dll
0x00007ffbb88d0000 - 0x00007ffbb88f9000 	C:\WINDOWS\System32\GDI32.dll
0x00007ffbb6ab0000 - 0x00007ffbb6bcb000 	C:\WINDOWS\System32\gdi32full.dll
0x00007ffbb6950000 - 0x00007ffbb69ea000 	C:\WINDOWS\System32\msvcp_win.dll
0x00007ffbb80a0000 - 0x00007ffbb80d1000 	C:\WINDOWS\System32\IMM32.DLL
0x00007ffbb2810000 - 0x00007ffbb281c000 	C:\Program Files\Java\jdk-22.0.2\bin\vcruntime140_1.dll
0x00007ffb9b6f0000 - 0x00007ffb9b77e000 	C:\Program Files\Java\jdk-22.0.2\bin\msvcp140.dll
0x00007ffb56500000 - 0x00007ffb57249000 	C:\Program Files\Java\jdk-22.0.2\bin\server\jvm.dll
0x00007ffbb7270000 - 0x00007ffbb7322000 	C:\WINDOWS\System32\ADVAPI32.dll
0x00007ffbb80e0000 - 0x00007ffbb8187000 	C:\WINDOWS\System32\sechost.dll
0x00007ffbb7180000 - 0x00007ffbb71a8000 	C:\WINDOWS\System32\bcrypt.dll
0x00007ffbb8340000 - 0x00007ffbb8454000 	C:\WINDOWS\System32\RPCRT4.dll
0x00007ffbb7330000 - 0x00007ffbb73a1000 	C:\WINDOWS\System32\WS2_32.dll
0x00007ffbb2600000 - 0x00007ffbb2634000 	C:\WINDOWS\SYSTEM32\WINMM.dll
0x00007ffbb5630000 - 0x00007ffbb567d000 	C:\WINDOWS\SYSTEM32\POWRPROF.dll
0x00007ffbaff30000 - 0x00007ffbaff3a000 	C:\WINDOWS\SYSTEM32\VERSION.dll
0x00007ffbb55f0000 - 0x00007ffbb5603000 	C:\WINDOWS\SYSTEM32\UMPDC.dll
0x00007ffbb58b0000 - 0x00007ffbb58c8000 	C:\WINDOWS\SYSTEM32\kernel.appcore.dll
0x00007ffbb27e0000 - 0x00007ffbb27ea000 	C:\Program Files\Java\jdk-22.0.2\bin\jimage.dll
0x00007ffba40f0000 - 0x00007ffba4322000 	C:\WINDOWS\SYSTEM32\DBGHELP.DLL
0x00007ffbb8460000 - 0x00007ffbb87ef000 	C:\WINDOWS\System32\combase.dll
0x00007ffbb9390000 - 0x00007ffbb9467000 	C:\WINDOWS\System32\OLEAUT32.dll
0x00007ffba3a80000 - 0x00007ffba3ab2000 	C:\WINDOWS\SYSTEM32\dbgcore.DLL
0x00007ffbb68d0000 - 0x00007ffbb694b000 	C:\WINDOWS\System32\bcryptPrimitives.dll
0x00007ffba37e0000 - 0x00007ffba37ef000 	C:\Program Files\Java\jdk-22.0.2\bin\instrument.dll
0x00007ffba3a60000 - 0x00007ffba3a7e000 	C:\Program Files\Java\jdk-22.0.2\bin\java.dll
0x00007ffbb8b10000 - 0x00007ffbb9388000 	C:\WINDOWS\System32\SHELL32.dll
0x00007ffbb79f0000 - 0x00007ffbb7b95000 	C:\WINDOWS\System32\ole32.dll
0x00007ffbb46d0000 - 0x00007ffbb4fd8000 	C:\WINDOWS\SYSTEM32\windows.storage.dll
0x00007ffbb4590000 - 0x00007ffbb46cf000 	C:\WINDOWS\SYSTEM32\wintypes.dll
0x00007ffbb73b0000 - 0x00007ffbb74aa000 	C:\WINDOWS\System32\SHCORE.dll
0x00007ffbb71b0000 - 0x00007ffbb720e000 	C:\WINDOWS\System32\shlwapi.dll
0x00007ffbb66b0000 - 0x00007ffbb66db000 	C:\WINDOWS\SYSTEM32\profapi.dll
0x00007ffb8e710000 - 0x00007ffb8e7e7000 	C:\Program Files\Java\jdk-22.0.2\bin\jsvml.dll
0x00007ffbb27b0000 - 0x00007ffbb27c0000 	C:\Program Files\Java\jdk-22.0.2\bin\net.dll
0x00007ffbb5d30000 - 0x00007ffbb5d99000 	C:\WINDOWS\system32\mswsock.dll
0x00007ffba3a40000 - 0x00007ffba3a56000 	C:\Program Files\Java\jdk-22.0.2\bin\nio.dll
0x00007ffba3520000 - 0x00007ffba3537000 	C:\Program Files\Java\jdk-22.0.2\bin\zip.dll
0x00007ffba35b0000 - 0x00007ffba35ca000 	C:\Program Files\JetBrains\IntelliJ IDEA Community Edition 2023.2.3\bin\breakgen64.dll
0x000002a52d4c0000 - 0x000002a52d4c3000 	C:\Users\renad\.openjfx\cache\17.0.6\api-ms-win-core-console-l1-1-0.dll
0x000002a52d4d0000 - 0x000002a52d4d3000 	C:\Users\renad\.openjfx\cache\17.0.6\api-ms-win-core-console-l1-2-0.dll
0x000002a52d4e0000 - 0x000002a52d4e3000 	C:\Users\renad\.openjfx\cache\17.0.6\api-ms-win-core-datetime-l1-1-0.dll
0x000002a52d4f0000 - 0x000002a52d4f3000 	C:\Users\renad\.openjfx\cache\17.0.6\api-ms-win-core-debug-l1-1-0.dll
0x000002a549ed0000 - 0x000002a549ed3000 	C:\Users\renad\.openjfx\cache\17.0.6\api-ms-win-core-errorhandling-l1-1-0.dll
0x000002a549ee0000 - 0x000002a549ee4000 	C:\Users\renad\.openjfx\cache\17.0.6\api-ms-win-core-file-l1-1-0.dll
0x000002a549ef0000 - 0x000002a549ef3000 	C:\Users\renad\.openjfx\cache\17.0.6\api-ms-win-core-file-l1-2-0.dll
0x000002a549f00000 - 0x000002a549f03000 	C:\Users\renad\.openjfx\cache\17.0.6\api-ms-win-core-file-l2-1-0.dll
0x000002a549f10000 - 0x000002a549f13000 	C:\Users\renad\.openjfx\cache\17.0.6\api-ms-win-core-handle-l1-1-0.dll
0x000002a549f20000 - 0x000002a549f23000 	C:\Users\renad\.openjfx\cache\17.0.6\api-ms-win-core-heap-l1-1-0.dll
0x000002a549f30000 - 0x000002a549f33000 	C:\Users\renad\.openjfx\cache\17.0.6\api-ms-win-core-interlocked-l1-1-0.dll
0x000002a549f40000 - 0x000002a549f43000 	C:\Users\renad\.openjfx\cache\17.0.6\api-ms-win-core-libraryloader-l1-1-0.dll
0x000002a549f50000 - 0x000002a549f53000 	C:\Users\renad\.openjfx\cache\17.0.6\api-ms-win-core-localization-l1-2-0.dll
0x000002a549f60000 - 0x000002a549f63000 	C:\Users\renad\.openjfx\cache\17.0.6\api-ms-win-core-memory-l1-1-0.dll
0x000002a549f70000 - 0x000002a549f73000 	C:\Users\renad\.openjfx\cache\17.0.6\api-ms-win-core-namedpipe-l1-1-0.dll
0x000002a549f80000 - 0x000002a549f83000 	C:\Users\renad\.openjfx\cache\17.0.6\api-ms-win-core-processenvironment-l1-1-0.dll
0x000002a549f90000 - 0x000002a549f93000 	C:\Users\renad\.openjfx\cache\17.0.6\api-ms-win-core-processthreads-l1-1-0.dll
0x000002a549fa0000 - 0x000002a549fa3000 	C:\Users\renad\.openjfx\cache\17.0.6\api-ms-win-core-processthreads-l1-1-1.dll
0x000002a549fb0000 - 0x000002a549fb3000 	C:\Users\renad\.openjfx\cache\17.0.6\api-ms-win-core-profile-l1-1-0.dll
0x000002a549fc0000 - 0x000002a549fc3000 	C:\Users\renad\.openjfx\cache\17.0.6\api-ms-win-core-rtlsupport-l1-1-0.dll
0x000002a549fd0000 - 0x000002a549fd3000 	C:\Users\renad\.openjfx\cache\17.0.6\api-ms-win-core-string-l1-1-0.dll
0x000002a549fe0000 - 0x000002a549fe3000 	C:\Users\renad\.openjfx\cache\17.0.6\api-ms-win-core-synch-l1-1-0.dll
0x000002a549ff0000 - 0x000002a549ff3000 	C:\Users\renad\.openjfx\cache\17.0.6\api-ms-win-core-synch-l1-2-0.dll
0x000002a590e30000 - 0x000002a590e33000 	C:\Users\renad\.openjfx\cache\17.0.6\api-ms-win-core-sysinfo-l1-1-0.dll
0x000002a590e40000 - 0x000002a590e43000 	C:\Users\renad\.openjfx\cache\17.0.6\api-ms-win-core-timezone-l1-1-0.dll
0x000002a590e50000 - 0x000002a590e53000 	C:\Users\renad\.openjfx\cache\17.0.6\api-ms-win-core-util-l1-1-0.dll
0x000002a590e60000 - 0x000002a590e63000 	C:\Users\renad\.openjfx\cache\17.0.6\api-ms-win-crt-conio-l1-1-0.dll
0x000002a590e70000 - 0x000002a590e74000 	C:\Users\renad\.openjfx\cache\17.0.6\api-ms-win-crt-convert-l1-1-0.dll
0x000002a590e80000 - 0x000002a590e83000 	C:\Users\renad\.openjfx\cache\17.0.6\api-ms-win-crt-environment-l1-1-0.dll
0x000002a590bd0000 - 0x000002a590bd3000 	C:\Users\renad\.openjfx\cache\17.0.6\api-ms-win-crt-filesystem-l1-1-0.dll
0x000002a590be0000 - 0x000002a590be3000 	C:\Users\renad\.openjfx\cache\17.0.6\api-ms-win-crt-heap-l1-1-0.dll
0x000002a590bf0000 - 0x000002a590bf3000 	C:\Users\renad\.openjfx\cache\17.0.6\api-ms-win-crt-locale-l1-1-0.dll
0x000002a590c00000 - 0x000002a590c05000 	C:\Users\renad\.openjfx\cache\17.0.6\api-ms-win-crt-math-l1-1-0.dll
0x000002a590c10000 - 0x000002a590c15000 	C:\Users\renad\.openjfx\cache\17.0.6\api-ms-win-crt-multibyte-l1-1-0.dll
0x000002a590c20000 - 0x000002a590c30000 	C:\Users\renad\.openjfx\cache\17.0.6\api-ms-win-crt-private-l1-1-0.dll
0x000002a590c30000 - 0x000002a590c33000 	C:\Users\renad\.openjfx\cache\17.0.6\api-ms-win-crt-process-l1-1-0.dll
0x000002a590c40000 - 0x000002a590c44000 	C:\Users\renad\.openjfx\cache\17.0.6\api-ms-win-crt-runtime-l1-1-0.dll
0x000002a590c50000 - 0x000002a590c54000 	C:\Users\renad\.openjfx\cache\17.0.6\api-ms-win-crt-stdio-l1-1-0.dll
0x000002a590c60000 - 0x000002a590c64000 	C:\Users\renad\.openjfx\cache\17.0.6\api-ms-win-crt-string-l1-1-0.dll
0x000002a590c70000 - 0x000002a590c73000 	C:\Users\renad\.openjfx\cache\17.0.6\api-ms-win-crt-time-l1-1-0.dll
0x000002a590c80000 - 0x000002a590c83000 	C:\Users\renad\.openjfx\cache\17.0.6\api-ms-win-crt-utility-l1-1-0.dll
0x00007ffb8e4c0000 - 0x00007ffb8e5bc000 	C:\Users\renad\.openjfx\cache\17.0.6\ucrtbase.dll
0x00007ffba3590000 - 0x00007ffba35aa000 	C:\Users\renad\.openjfx\cache\17.0.6\vcruntime140.dll
0x00007ffba3580000 - 0x00007ffba358c000 	C:\Users\renad\.openjfx\cache\17.0.6\vcruntime140_1.dll
0x00007ffba12d0000 - 0x00007ffba135d000 	C:\Users\renad\.openjfx\cache\17.0.6\msvcp140.dll
0x00007ffba3570000 - 0x00007ffba3579000 	C:\Users\renad\.openjfx\cache\17.0.6\msvcp140_1.dll
0x00007ffba26e0000 - 0x00007ffba270f000 	C:\Users\renad\.openjfx\cache\17.0.6\msvcp140_2.dll
0x00007ffb9a250000 - 0x00007ffb9a27a000 	C:\Users\renad\.openjfx\cache\17.0.6\prism_d3d.dll
0x00007ffb83070000 - 0x00007ffb83218000 	C:\WINDOWS\system32\d3d9.dll
0x00007ffbb3e50000 - 0x00007ffbb3e7b000 	C:\WINDOWS\SYSTEM32\dwmapi.dll
0x00007ffbb3ec0000 - 0x00007ffbb3ef7000 	C:\WINDOWS\SYSTEM32\dxcore.dll
0x00007ffbb3bd0000 - 0x00007ffbb3c81000 	C:\WINDOWS\system32\uxtheme.dll
0x00007ffb53330000 - 0x00007ffb564f8000 	C:\WINDOWS\System32\DriverStore\FileRepository\igdlh64.inf_amd64_c552e4480cba79db\igdumdim64.dll
0x00007ffbb7c20000 - 0x00007ffbb8094000 	C:\WINDOWS\System32\SETUPAPI.dll
0x00007ffbb6480000 - 0x00007ffbb64ce000 	C:\WINDOWS\SYSTEM32\cfgmgr32.DLL
0x00007ffbafbc0000 - 0x00007ffbafc09000 	C:\WINDOWS\SYSTEM32\directxdatabasehelper.dll
0x00007ffb8f260000 - 0x00007ffb8f2a2000 	C:\Users\renad\.openjfx\cache\17.0.6\glass.dll
0x00007ffbb8240000 - 0x00007ffbb8340000 	C:\WINDOWS\System32\COMDLG32.dll
0x00007ffbb89a0000 - 0x00007ffbb8b01000 	C:\WINDOWS\System32\MSCTF.dll
0x00007ffba92a0000 - 0x00007ffbaa8d0000 	C:\WINDOWS\System32\DriverStore\FileRepository\igdlh64.inf_amd64_c552e4480cba79db\igc64.dll
0x00007ffba2890000 - 0x00007ffba28a4000 	C:\Users\renad\.openjfx\cache\17.0.6\javafx_font.dll
0x00007ffbb0950000 - 0x00007ffbb0bc3000 	C:\WINDOWS\SYSTEM32\dwrite.dll
0x00007ffbb8800000 - 0x00007ffbb88b0000 	C:\WINDOWS\System32\clbcatq.dll
0x00007ffbb39e0000 - 0x00007ffbb3b90000 	C:\WINDOWS\SYSTEM32\WindowsCodecs.dll
0x00007ffba3ce0000 - 0x00007ffba3d3e000 	C:\WINDOWS\system32\dataexchange.dll
0x00007ffbad6f0000 - 0x00007ffbad994000 	C:\WINDOWS\system32\twinapi.appcore.dll
0x00007ffb90ea0000 - 0x00007ffb90ed2000 	C:\Program Files\Common Files\Microsoft Shared\Ink\rtscom.dll
0x00007ffba2be0000 - 0x00007ffba2d25000 	C:\WINDOWS\SYSTEM32\textinputframework.dll
0x00007ffbb1bf0000 - 0x00007ffbb1d23000 	C:\WINDOWS\SYSTEM32\CoreMessaging.dll
0x00007ffbaead0000 - 0x00007ffbaee3d000 	C:\WINDOWS\SYSTEM32\CoreUIComponents.dll
0x00007ffbb5f80000 - 0x00007ffbb5f8c000 	C:\WINDOWS\SYSTEM32\CRYPTBASE.DLL
0x00007ffbb5230000 - 0x00007ffbb525d000 	C:\WINDOWS\SYSTEM32\IPHLPAPI.DLL
0x00007ffbb88c0000 - 0x00007ffbb88c9000 	C:\WINDOWS\System32\NSI.dll
0x00007ffbadc30000 - 0x00007ffbadc49000 	C:\WINDOWS\SYSTEM32\dhcpcsvc6.DLL
0x00007ffbadc10000 - 0x00007ffbadc2f000 	C:\WINDOWS\SYSTEM32\dhcpcsvc.DLL
0x00007ffbb5260000 - 0x00007ffbb5362000 	C:\WINDOWS\SYSTEM32\DNSAPI.dll
0x00007ffba34f0000 - 0x00007ffba34fe000 	C:\Program Files\Java\jdk-22.0.2\bin\sunmscapi.dll
0x00007ffbb6bd0000 - 0x00007ffbb6d36000 	C:\WINDOWS\System32\CRYPT32.dll
0x00007ffbb6120000 - 0x00007ffbb614d000 	C:\WINDOWS\SYSTEM32\ncrypt.dll

dbghelp: loaded successfully - version: 4.0.5 - missing functions: none
symbol engine: initialized successfully - sym options: 0x614 - pdb path: .;C:\Program Files\Java\jdk-22.0.2\bin;C:\WINDOWS\SYSTEM32;C:\WINDOWS\WinSxS\amd64_microsoft.windows.common-controls_6595b64144ccf1df_6.0.22621.4541_none_2710d1c57384c085;C:\Program Files\Java\jdk-22.0.2\bin\server;C:\Program Files\JetBrains\IntelliJ IDEA Community Edition 2023.2.3\bin;C:\Users\renad\.openjfx\cache\17.0.6;C:\WINDOWS\System32\DriverStore\FileRepository\igdlh64.inf_amd64_c552e4480cba79db;C:\Program Files\Common Files\Microsoft Shared\Ink

VM Arguments:
jvm_args: -javaagent:C:\Program Files\JetBrains\IntelliJ IDEA Community Edition 2023.2.3\lib\idea_rt.jar=56351:C:\Program Files\JetBrains\IntelliJ IDEA Community Edition 2023.2.3\bin -Dfile.encoding=UTF-8 -Dsun.stdout.encoding=UTF-8 -Dsun.stderr.encoding=UTF-8 --module-path=C:\Users\renad\.m2\repository\org\openjfx\javafx-graphics\17.0.6\javafx-graphics-17.0.6-win.jar;C:\Users\renad\.m2\repository\io\github\cdimascio\dotenv-java\3.0.2\dotenv-java-3.0.2.jar;C:\Users\renad\.m2\repository\org\openjfx\javafx-fxml\17.0.6\javafx-fxml-17.0.6-win.jar;C:\Users\renad\.m2\repository\org\openjfx\javafx-controls\17.0.6\javafx-controls-17.0.6-win.jar;C:\Users\renad\.m2\repository\org\mongodb\mongodb-driver-core\5.2.1\mongodb-driver-core-5.2.1.jar;D:\Renad\My Projects\BookStoreGUI\target\classes;C:\Users\renad\.m2\repository\org\mongodb\bson\5.2.1\bson-5.2.1.jar;C:\Users\renad\.m2\repository\org\mongodb\mongodb-driver-sync\5.2.1\mongodb-driver-sync-5.2.1.jar;C:\Users\renad\.m2\repository\org\openjfx\javafx-base\17.0.6\javafx-base-17.0.6-win.jar -Djdk.module.main=com.example.bookstoregui 
java_command: com.example.bookstoregui/com.example.bookstoregui.HelloApplication
java_class_path (initial): C:\Users\renad\.m2\repository\org\openjfx\javafx-controls\17.0.6\javafx-controls-17.0.6.jar;C:\Users\renad\.m2\repository\org\openjfx\javafx-graphics\17.0.6\javafx-graphics-17.0.6.jar;C:\Users\renad\.m2\repository\org\openjfx\javafx-base\17.0.6\javafx-base-17.0.6.jar;C:\Users\renad\.m2\repository\org\openjfx\javafx-fxml\17.0.6\javafx-fxml-17.0.6.jar;C:\Users\renad\.m2\repository\org\mongodb\bson-record-codec\5.2.1\bson-record-codec-5.2.1.jar;C:\Users\renad\.m2\repository\org\slf4j\slf4j-api\2.0.0\slf4j-api-2.0.0.jar;C:\Users\renad\.m2\repository\org\slf4j\slf4j-simple\2.0.0\slf4j-simple-2.0.0.jar
Launcher Type: SUN_STANDARD

[Global flags]
     intx CICompilerCount                          = 4                                         {product} {ergonomic}
     uint ConcGCThreads                            = 2                                         {product} {ergonomic}
     uint G1ConcRefinementThreads                  = 8                                         {product} {ergonomic}
   size_t G1HeapRegionSize                         = 1048576                                   {product} {ergonomic}
   size_t InitialHeapSize                          = 134217728                                 {product} {ergonomic}
   size_t MarkStackSize                            = 4194304                                   {product} {ergonomic}
   size_t MaxHeapSize                              = 2116026368                                {product} {ergonomic}
   size_t MaxNewSize                               = 1268776960                                {product} {ergonomic}
   size_t MinHeapDeltaBytes                        = 1048576                                   {product} {ergonomic}
   size_t MinHeapSize                              = 8388608                                   {product} {ergonomic}
    uintx NonNMethodCodeHeapSize                   = 5839372                                {pd product} {ergonomic}
    uintx NonProfiledCodeHeapSize                  = 122909434                              {pd product} {ergonomic}
    uintx ProfiledCodeHeapSize                     = 122909434                              {pd product} {ergonomic}
    uintx ReservedCodeCacheSize                    = 251658240                              {pd product} {ergonomic}
     bool SegmentedCodeCache                       = true                                      {product} {ergonomic}
   size_t SoftMaxHeapSize                          = 2116026368                             {manageable} {ergonomic}
     bool UseCompressedOops                        = true                           {product lp64_product} {ergonomic}
     bool UseG1GC                                  = true                                      {product} {ergonomic}
     bool UseLargePagesIndividualAllocation        = false                                  {pd product} {ergonomic}

Logging:
Log output configuration:
 #0: stdout all=off uptime,level,tags foldmultilines=false
 #1: stderr all=off uptime,level,tags foldmultilines=false

Environment Variables:
JAVA_HOME=C:\Program Files\Java\jdk-22.0.2
PATH=C:\app\renad\product\11.2.0\dbhome_2\bin;C:\ProgramData\Oracle\Java\javapath;C:\Oracle\Middleware\Oracle_FRHome1\bin;C:\Program Files\Common Files\Oracle\Java\javapath;C:\Program Files (x86)\Common Files\Oracle\Java\javapath;C:\WINDOWS\system32;C:\WINDOWS;C:\WINDOWS\System32\Wbem;C:\WINDOWS\System32\WindowsPowerShell\v1.0\;C:\WINDOWS\System32\OpenSSH\;C:\Program Files\Git\cmd;C:\Users\renad\AppData\Roaming\nvm;C:\Program Files\nodejs;C:\Oracle\Middleware\Oracle_FRHome1\opmn\bin;C:\Oracle\Middleware\Oracle_FRHome1\opmn\lib;C:\Oracle\Middleware\Oracle_FRHome1\perl\bin;C:\msys64\mingw64\bin;C:\Program Files\Microsoft SQL Server\150\Tools\Binn\;C:\Program Files (x86)\Windows Kits\10\Windows Performance Toolkit\;C:\Program Files\dotnet\;C:\Program Files\Microsoft SQL Server\Client SDK\ODBC\170\Tools\Binn\;C:\flutter\bin;C:\Program Files\Java\jdk-22.0.2\bin;C:\Users\renad\AppData\Local\Android\Sdk\emulator;C:\Users\renad\OneDrive\Documents\mongosh-2.3.0-win32-x64\mongosh-2.3.0-win32-x64\bin;C:\Program Files\MongoDB\Server\7.0\bin;C:\Program Files (x86)\Microsoft SQL Server\160\Tools\Binn\;C:\Program Files\Microsoft SQL Server\160\Tools\Binn\;C:\Program Files\Microsoft SQL Server\160\DTS\Binn\;C:\Program Files (x86)\Microsoft SQL Server\160\DTS\Binn\;C:\Users\renad\AppData\Local\Programs\Python\Python311\Scripts\;C:\Users\renad\AppData\Local\Programs\Python\Python311\;C:\Users\renad\AppData\Local\Programs\Python\Python313\Scripts\;C:\Users\renad\AppData\Local\Programs\Python\Python313\;C:\Program Files\Java\jdk-22.0.2\bin;C:\app\renad\product\11.2.0\dbhome_2\bin;C:\ProgramData\Oracle\Java\javapath;C:\Oracle\Middleware\Oracle_FRHome1\bin;C:\Program Files\Common Files\Oracle\Java\javapath;C:\Program Files (x86)\Common Files\Oracle\Java\javapath;C:\WINDOWS\system32;C:\WINDOWS;C:\WINDOWS\System32\Wbem;C:\WINDOWS\System32\WindowsPowerShell\v1.0\;C:\WINDOWS\System32\OpenSSH\;C:\Program Files\Git\cmd;C:\Users\renad\AppData\Roaming\nvm;C:\Program Files\nodejs;C:\Oracle\Middleware\Oracle_FRHome1\opmn\bin;C:\Oracle\Middleware\Oracle_FRHome1\opmn\lib;C:\Oracle\Middleware\Oracle_FRHome1\perl\bin;C:\msys64\mingw64\bin;C:\Program Files\Microsoft SQL Server\150\Tools\Binn\;C:\Program Files (x86)\Windows Kits\10\Windows Performance Toolkit\;C:\Program Files\dotnet\;C:\Program Files\Microsoft SQL Server\Client SDK\ODBC\170\Tools\Binn\;C:\flutter\bin;C:\Program Files\Java\jdk-22.0.2\bin;C:\Users\renad\AppData\Local\Android\Sdk\emulator;C:\Users\renad\OneDrive\Documents\mongosh-2.3.0-win32-x64\mongosh-2.3.0-win32-x64\bin;C:\Program Files\MongoDB\Server\7.0\bin;C:\Program Files (x86)\Microsoft SQL Server\160\Tools\Binn\;C:\Program Files\Microsoft SQL Server\160\Tools\Binn\;C:\Program Files\Microsoft SQL Server\160\DTS\Binn\;C:\Program Files (x86)\Microsoft SQL Server\160\DTS\Binn\;C:\Users\renad\AppData\Local\Programs\Microsoft VS Code\bin;C:\Users\renad\.dotnet\tools
USERNAME=renad
LD_LIBRARY_PATH=C:\Oracle\Middleware\Oracle_FRHome1\lib
OS=Windows_NT
PROCESSOR_IDENTIFIER=Intel64 Family 6 Model 142 Stepping 10, GenuineIntel
TMP=C:\Users\renad\AppData\Local\Temp
TEMP=C:\Users\renad\AppData\Local\Temp




Periodic native trim disabled

---------------  S Y S T E M  ---------------

OS:
 Windows 11 , 64 bit Build 22621 (10.0.22621.4391)
OS uptime: 0 days 7:11 hours

CPU: total 8 (initial active 8) (4 cores per cpu, 2 threads per core) family 6 model 142 stepping 10 microcode 0xe0, cx8, cmov, fxsr, ht, mmx, 3dnowpref, sse, sse2, sse3, ssse3, sse4.1, sse4.2, popcnt, lzcnt, tsc, tscinvbit, avx, avx2, aes, erms, clmul, bmi1, bmi2, adx, fma, vzeroupper, clflush, clflushopt, rdtscp, f16c
Processor Information for all 8 processors :
  Max Mhz: 1800, Current Mhz: 1600, Mhz Limit: 1584

Memory: 4k page, system-wide physical 8066M (1901M free)
TotalPageFile size 13442M (AvailPageFile size 4007M)
current process WorkingSet (physical memory assigned to process): 191M, peak: 214M
current process commit charge ("private bytes"): 228M, peak: 317M

vm_info: Java HotSpot(TM) 64-Bit Server VM (22.0.2+9-70) for windows-amd64 JRE (22.0.2+9-70), built on 2024-06-04T16:52:23Z by "mach5one" with MS VC++ 17.6 (VS2022)

END.
